Tama_app/build/outputs/logs/manifest-merger-dev-debug-report.txt
-- Merging decision tree log ---
manifest
ADDED from src\main\AndroidManifest.xml:2:1-347:12
	package
		ADDED from src\main\AndroidManifest.xml:4:3-26
		INJECTED from src\main\AndroidManifest.xml
		INJECTED from src\main\AndroidManifest.xml
	android:versionName
		INJECTED from src\main\AndroidManifest.xml
		INJECTED from src\main\AndroidManifest.xml
	xmlns:tools
		ADDED from src\main\AndroidManifest.xml:3:3-49
	xmlns:android
		ADDED from src\main\AndroidManifest.xml:2:11-69
	android:versionCode
		INJECTED from src\main\AndroidManifest.xml
		INJECTED from src\main\AndroidManifest.xml
	android:installLocation
		ADDED from src\main\AndroidManifest.xml:5:3-43
uses-permission#android.permission.INTERNET
ADDED from src\main\AndroidManifest.xml:7:3-65
MERGED from [com.crashlytics.sdk.android:crashlytics:2.7.0] AndroidManifest.xml:9:5-67
MERGED from [com.crashlytics.sdk.android:beta:1.2.6] AndroidManifest.xml:9:5-67
MERGED from [com.crashlytics.sdk.android:crashlytics-core:2.4.0] AndroidManifest.xml:52:5-67
MERGED from [com.crashlytics.sdk.android:answers:1.4.0] AndroidManifest.xml:9:5-67
MERGED from [com.quickblox:quickblox-android-sdk-content:3.3.5] AndroidManifest.xml:10:5-67
MERGED from [com.digits.sdk.android:digits:2.0.0] AndroidManifest.xml:25:5-67
MERGED from [com.twitter.sdk.android:twitter-core:2.0.0] AndroidManifest.xml:25:5-67
MERGED from [io.fabric.sdk.android:fabric:1.4.0] AndroidManifest.xml:29:5-67
MERGED from [com.google.android.gms:play-services-gcm:11.0.4] AndroidManifest.xml:21:5-66
MERGED from [com.google.android.gms:play-services-iid:11.0.4] AndroidManifest.xml:21:5-66
MERGED from [com.google.android.gms:play-services-maps:11.0.4] AndroidManifest.xml:20:5-66
MERGED from [com.google.android.gms:play-services-analytics:11.0.4] AndroidManifest.xml:20:5-66
MERGED from [com.google.android.gms:play-services-analytics-impl:11.0.4] AndroidManifest.xml:20:5-66
MERGED from [com.firebaseui:firebase-ui-auth:2.3.0] AndroidManifest.xml:13:5-67
MERGED from [com.quickblox:quickblox-android-sdk-chat:3.3.5] AndroidManifest.xml:11:5-67
MERGED from [com.quickblox:quickblox-android-sdk-extensions:3.3.5] AndroidManifest.xml:10:5-67
MERGED from [com.google.firebase:firebase-analytics:11.0.4] AndroidManifest.xml:20:5-66
MERGED from [com.google.firebase:firebase-analytics-impl:11.0.4] AndroidManifest.xml:20:5-66
MERGED from [com.google.firebase:firebase-iid:11.0.4] AndroidManifest.xml:20:5-66
	android:name
		ADDED from src\main\AndroidManifest.xml:7:20-62
uses-permission#android.permission.ACCESS_NETWORK_STATE
ADDED from src\main\AndroidManifest.xml:8:3-77
MERGED from [Tama Android:Q-municate_core:unspecified] AndroidManifest.xml:9:5-79
MERGED from [com.google.android.gms:play-services-maps:11.0.4] AndroidManifest.xml:19:5-78
MERGED from [com.google.android.gms:play-services-analytics:11.0.4] AndroidManifest.xml:21:5-78
MERGED from [com.google.android.gms:play-services-analytics-impl:11.0.4] AndroidManifest.xml:21:5-78
MERGED from [com.firebaseui:firebase-ui-auth:2.3.0] AndroidManifest.xml:12:5-79
MERGED from [com.quickblox:quickblox-android-sdk-chat:3.3.5] AndroidManifest.xml:12:5-79
MERGED from [com.google.firebase:firebase-analytics:11.0.4] AndroidManifest.xml:21:5-78
MERGED from [com.google.firebase:firebase-analytics-impl:11.0.4] AndroidManifest.xml:21:5-78
MERGED from [com.google.firebase:firebase-iid:11.0.4] AndroidManifest.xml:19:5-78
	android:name
		ADDED from src\main\AndroidManifest.xml:8:20-74
uses-permission#android.permission.ACCESS_WIFI_STATE
ADDED from src\main\AndroidManifest.xml:9:3-74
	android:name
		ADDED from src\main\AndroidManifest.xml:9:20-71
uses-permission#android.provider.MediaStore.Images.Media.EXTERNAL_CONTENT_URI
ADDED from src\main\AndroidManifest.xml:10:3-99
	android:name
		ADDED from src\main\AndroidManifest.xml:10:20-96
uses-permission#android.permission.READ_EXTERNAL_STORAGE
ADDED from src\main\AndroidManifest.xml:11:3-78
	android:name
		ADDED from src\main\AndroidManifest.xml:11:20-75
uses-permission#android.permission.WRITE_EXTERNAL_STORAGE
ADDED from src\main\AndroidManifest.xml:12:3-79
	android:name
		ADDED from src\main\AndroidManifest.xml:12:20-76
uses-permission#android.permission.CAMERA
ADDED from src\main\AndroidManifest.xml:13:3-63
	android:name
		ADDED from src\main\AndroidManifest.xml:13:20-60
uses-permission#android.permission.WAKE_LOCK
ADDED from src\main\AndroidManifest.xml:14:3-66
MERGED from [com.google.android.gms:play-services-analytics:11.0.4] AndroidManifest.xml:24:5-67
MERGED from [com.google.android.gms:play-services-analytics-impl:11.0.4] AndroidManifest.xml:24:5-67
MERGED from [com.google.firebase:firebase-analytics:11.0.4] AndroidManifest.xml:22:5-67
MERGED from [com.google.firebase:firebase-analytics-impl:11.0.4] AndroidManifest.xml:22:5-67
MERGED from [com.google.firebase:firebase-iid:11.0.4] AndroidManifest.xml:21:5-67
	android:name
		ADDED from src\main\AndroidManifest.xml:14:20-63
uses-permission#android.permission.MODIFY_AUDIO_SETTINGS
ADDED from src\main\AndroidManifest.xml:15:3-78
	android:name
		ADDED from src\main\AndroidManifest.xml:15:20-75
uses-permission#android.permission.RECORD_AUDIO
ADDED from src\main\AndroidManifest.xml:16:3-69
	android:name
		ADDED from src\main\AndroidManifest.xml:16:20-66
uses-permission#com.google.android.c2dm.permission.RECEIVE
ADDED from src\main\AndroidManifest.xml:17:3-80
MERGED from [com.google.android.gms:play-services-gcm:11.0.4] AndroidManifest.xml:20:5-81
MERGED from [com.google.android.gms:play-services-iid:11.0.4] AndroidManifest.xml:20:5-81
MERGED from [com.google.firebase:firebase-iid:11.0.4] AndroidManifest.xml:22:5-81
	android:name
		ADDED from src\main\AndroidManifest.xml:17:20-77
uses-permission#android.permission.VIBRATE
ADDED from src\main\AndroidManifest.xml:18:3-64
	android:name
		ADDED from src\main\AndroidManifest.xml:18:20-61
uses-permission#android.permission.GET_TASKS
ADDED from src\main\AndroidManifest.xml:19:3-66
	android:name
		ADDED from src\main\AndroidManifest.xml:19:20-63
uses-permission#android.permission.RECEIVE_SMS
ADDED from src\main\AndroidManifest.xml:20:3-68
	android:name
		ADDED from src\main\AndroidManifest.xml:20:20-65
uses-permission#android.permission.READ_CONTACTS
ADDED from src\main\AndroidManifest.xml:21:3-70
	android:name
		ADDED from src\main\AndroidManifest.xml:21:20-67
uses-permission#android.permission.ACCESS_COARSE_LOCATION
ADDED from src\main\AndroidManifest.xml:22:3-79
	android:name
		ADDED from src\main\AndroidManifest.xml:22:20-76
uses-permission#android.permission.ACCESS_FINE_LOCATION
ADDED from src\main\AndroidManifest.xml:23:3-77
	android:name
		ADDED from src\main\AndroidManifest.xml:23:20-74
uses-permission#android.permission.READ_PHONE_STATE
ADDED from src\main\AndroidManifest.xml:24:3-73
MERGED from [Tama Android:Q-municate_core:unspecified] AndroidManifest.xml:10:5-75
MERGED from [Tama Android:Q-municate_db:unspecified] AndroidManifest.xml:11:5-75
	android:name
		ADDED from src\main\AndroidManifest.xml:24:20-70
uses-permission#android.Manifest.permission.READ_PHONE_STATE
ADDED from src\main\AndroidManifest.xml:25:3-82
	android:name
		ADDED from src\main\AndroidManifest.xml:25:20-79
permission#com.example.app.permission.MAPS_RECEIVE
ADDED from src\main\AndroidManifest.xml:27:3-29:43
	android:protectionLevel
		ADDED from src\main\AndroidManifest.xml:29:5-40
	android:name
		ADDED from src\main\AndroidManifest.xml:28:5-59
uses-permission#com.example.app.permission.MAPS_RECEIVE
ADDED from src\main\AndroidManifest.xml:32:3-77
	android:name
		ADDED from src\main\AndroidManifest.xml:32:20-74
uses-feature#android.hardware.camera
ADDED from src\main\AndroidManifest.xml:34:3-37:28
	tools:node
		ADDED from src\main\AndroidManifest.xml:37:5-25
	android:required
		ADDED from src\main\AndroidManifest.xml:36:5-29
	android:name
		ADDED from src\main\AndroidManifest.xml:35:5-43
uses-feature#android.hardware.camera.autofocus
ADDED from src\main\AndroidManifest.xml:38:3-41:28
	tools:node
		ADDED from src\main\AndroidManifest.xml:41:5-25
	android:required
		ADDED from src\main\AndroidManifest.xml:40:5-29
	android:name
		ADDED from src\main\AndroidManifest.xml:39:5-53
uses-feature#android.hardware.camera.flash
ADDED from src\main\AndroidManifest.xml:42:3-45:28
	tools:node
		ADDED from src\main\AndroidManifest.xml:45:5-25
	android:required
		ADDED from src\main\AndroidManifest.xml:44:5-29
	android:name
		ADDED from src\main\AndroidManifest.xml:43:5-49
uses-feature#0x00020000
ADDED from src\main\AndroidManifest.xml:46:3-48:31
MERGED from [com.google.android.gms:play-services-maps:11.0.4] AndroidManifest.xml:21:5-77
	android:glEsVersion
		ADDED from src\main\AndroidManifest.xml:47:5-37
	android:required
		ADDED from src\main\AndroidManifest.xml:48:5-28
application
ADDED from src\main\AndroidManifest.xml:50:3-345:17
MERGED from [com.crashlytics.sdk.android:crashlytics:2.7.0] AndroidManifest.xml:11:5-17:19
MERGED from [com.crashlytics.sdk.android:beta:1.2.6] AndroidManifest.xml:11:5-20
MERGED from [com.crashlytics.sdk.android:crashlytics-core:2.4.0] AndroidManifest.xml:54:5-20
MERGED from [com.crashlytics.sdk.android:answers:1.4.0] AndroidManifest.xml:11:5-20
MERGED from [Tama Android:Q-municate_core:unspecified] AndroidManifest.xml:12:5-47
MERGED from [com.quickblox:quickblox-android-sdk-messages:3.3.5] AndroidManifest.xml:10:5-23:19
MERGED from [com.digits.sdk.android:digits:2.0.0] AndroidManifest.xml:27:5-111:19
MERGED from [com.twitter.sdk.android:twitter-core:2.0.0] AndroidManifest.xml:27:5-40:19
MERGED from [io.fabric.sdk.android:fabric:1.4.0] AndroidManifest.xml:31:5-20
MERGED from [com.crashlytics.sdk.android:answers-shim:0.0.4] AndroidManifest.xml:11:5-20
MERGED from [com.facebook.android:facebook-android-sdk:4.14.1] AndroidManifest.xml:28:5-37:19
MERGED from [com.quickblox:chat-message-adapter:2.0] AndroidManifest.xml:9:5-16:19
MERGED from [de.hdodenhof:circleimageview:2.1.0] AndroidManifest.xml:9:5-20
MERGED from [com.google.android.gms:play-services-gcm:11.0.4] AndroidManifest.xml:23:5-19
MERGED from [com.google.android.gms:play-services-iid:11.0.4] AndroidManifest.xml:23:5-19
MERGED from [com.google.android.gms:play-services-maps:11.0.4] AndroidManifest.xml:24:5-19
MERGED from [com.google.android.gms:play-services-location:11.0.4] AndroidManifest.xml:4:5-19
MERGED from [com.google.android.gms:play-services-analytics:11.0.4] AndroidManifest.xml:26:5-19
MERGED from [com.google.android.gms:play-services-tagmanager-v4-impl:11.0.4] AndroidManifest.xml:19:5-19
MERGED from [com.google.android.gms:play-services-analytics-impl:11.0.4] AndroidManifest.xml:26:5-19
MERGED from [com.firebase:firebase-jobdispatcher-with-gcm-dep:0.8.2] AndroidManifest.xml:26:5-40:19
MERGED from [com.firebaseui:firebase-ui-auth:2.3.0] AndroidManifest.xml:15:5-77:19
MERGED from [com.android.support:design:26.0.1] AndroidManifest.xml:25:5-29:19
MERGED from [com.android.support:transition:26.0.1] AndroidManifest.xml:22:5-26:19
MERGED from [com.android.support:customtabs:26.0.1] AndroidManifest.xml:22:5-26:19
MERGED from [com.android.support.constraint:constraint-layout:1.1.0-beta1] AndroidManifest.xml:9:5-20
MERGED from [com.google.firebase:firebase-auth:11.0.4] AndroidManifest.xml:19:5-20:19
MERGED from [com.google.android.gms:play-services-auth:11.0.4] AndroidManifest.xml:19:5-25:19
MERGED from [com.google.android.gms:play-services-base:11.0.4] AndroidManifest.xml:18:5-20:19
MERGED from [com.google.firebase:firebase-messaging:11.0.4] AndroidManifest.xml:19:5-29:19
MERGED from [com.github.orangegangsters:swipy:1.2.0] AndroidManifest.xml:11:5-12:19
MERGED from [com.timehop.stickyheadersrecyclerview:library:0.4.2] AndroidManifest.xml:12:5-20
MERGED from [com.rockerhieu.emojicon:library:1.3.1] AndroidManifest.xml:9:5-53
MERGED from [com.afollestad.material-dialogs:core:0.9.0.1] AndroidManifest.xml:13:5-20
MERGED from [com.android.support:recyclerview-v7:26.0.1] AndroidManifest.xml:22:5-26:19
MERGED from [com.android.support:cardview-v7:26.0.1] AndroidManifest.xml:22:5-26:19
MERGED from [Tama Android:q-municate_auth_service:unspecified] AndroidManifest.xml:11:5-15:19
MERGED from [Tama Android:q-municate_user_cache:unspecified] AndroidManifest.xml:11:5-15:19
MERGED from [Tama Android:Q-municate_db:unspecified] AndroidManifest.xml:13:5-47
MERGED from [Tama Android:q-municate_user_service:unspecified] AndroidManifest.xml:11:5-15:19
MERGED from [Tama Android:q-municate_base_service:unspecified] AndroidManifest.xml:11:5-15:19
MERGED from [Tama Android:q-municate_base_cache:unspecified] AndroidManifest.xml:11:5-15:19
MERGED from [com.android.support:appcompat-v7:26.0.1] AndroidManifest.xml:25:5-29:19
MERGED from [com.android.support:animated-vector-drawable:26.0.1] AndroidManifest.xml:22:5-26:19
MERGED from [com.android.support:support-vector-drawable:26.0.1] AndroidManifest.xml:22:5-26:19
MERGED from [com.google.firebase:firebase-core:11.0.4] AndroidManifest.xml:5:5-20
MERGED from [com.google.firebase:firebase-analytics:11.0.4] AndroidManifest.xml:24:5-34:19
MERGED from [com.google.firebase:firebase-analytics-impl:11.0.4] AndroidManifest.xml:24:5-28:19
MERGED from [com.google.firebase:firebase-iid:11.0.4] AndroidManifest.xml:28:5-49:19
MERGED from [com.google.firebase:firebase-common:11.0.4] AndroidManifest.xml:4:5-7:19
MERGED from [com.google.android.gms:play-services-tasks:11.0.4] AndroidManifest.xml:4:5-19
MERGED from [com.google.android.gms:play-services-basement:11.0.4] AndroidManifest.xml:19:5-21:19
MERGED from [com.android.support:support-v4:26.0.1] AndroidManifest.xml:25:5-29:19
MERGED from [com.android.support:support-media-compat:26.0.1] AndroidManifest.xml:25:5-29:19
MERGED from [com.android.support:support-fragment:26.0.1] AndroidManifest.xml:25:5-29:19
MERGED from [com.android.support:support-core-ui:26.0.1] AndroidManifest.xml:25:5-29:19
MERGED from [com.android.support:support-core-utils:26.0.1] AndroidManifest.xml:25:5-29:19
MERGED from [com.android.support:support-compat:26.0.1] AndroidManifest.xml:25:5-29:19
	android:label
		ADDED from src\main\AndroidManifest.xml:53:5-37
	android:supportsRtl
		ADDED from [com.quickblox:chat-message-adapter:2.0] AndroidManifest.xml:12:9-35
	android:allowBackup
		ADDED from src\main\AndroidManifest.xml:51:5-31
	android:icon
		ADDED from src\main\AndroidManifest.xml:52:5-41
	android:largeHeap
		ADDED from src\main\AndroidManifest.xml:54:5-29
	android:theme
		ADDED from src\main\AndroidManifest.xml:56:5-36
	android:name
		ADDED from src\main\AndroidManifest.xml:55:5-24
activity#com.tama.chat.ui.activities.authorization.SplashActivity
ADDED from src\main\AndroidManifest.xml:57:5-67:16
	android:screenOrientation
		ADDED from src\main\AndroidManifest.xml:61:7-43
	android:launchMode
		ADDED from src\main\AndroidManifest.xml:59:7-42
	android:configChanges
		ADDED from src\main\AndroidManifest.xml:58:7-91
	android:name
		ADDED from src\main\AndroidManifest.xml:60:7-65
intent-filter#android.intent.action.MAIN+android.intent.category.LAUNCHER
ADDED from src\main\AndroidManifest.xml:62:7-66:23
action#android.intent.action.MAIN
ADDED from src\main\AndroidManifest.xml:63:9-61
	android:name
		ADDED from src\main\AndroidManifest.xml:63:17-58
category#android.intent.category.LAUNCHER
ADDED from src\main\AndroidManifest.xml:65:9-69
	android:name
		ADDED from src\main\AndroidManifest.xml:65:19-66
service#com.tama.chat.service.SessionJobService
ADDED from src\main\AndroidManifest.xml:69:5-75:15
	android:exported
		ADDED from src\main\AndroidManifest.xml:70:7-31
	android:name
		ADDED from src\main\AndroidManifest.xml:71:7-48
intent-filter#com.firebase.jobdispatcher.ACTION_EXECUTE
ADDED from src\main\AndroidManifest.xml:72:7-74:23
action#com.firebase.jobdispatcher.ACTION_EXECUTE
ADDED from src\main\AndroidManifest.xml:73:9-76
	android:name
		ADDED from src\main\AndroidManifest.xml:73:17-73
activity#com.tama.chat.ui.activities.authorization.LandingActivity
ADDED from src\main\AndroidManifest.xml:77:5-81:46
	android:screenOrientation
		ADDED from src\main\AndroidManifest.xml:81:7-43
	android:launchMode
		ADDED from src\main\AndroidManifest.xml:79:7-38
	android:configChanges
		ADDED from src\main\AndroidManifest.xml:78:7-68
	android:name
		ADDED from src\main\AndroidManifest.xml:80:7-66
activity#com.tama.chat.ui.activities.authorization.LoginActivity
ADDED from src\main\AndroidManifest.xml:82:5-86:46
	android:screenOrientation
		ADDED from src\main\AndroidManifest.xml:86:7-43
	android:launchMode
		ADDED from src\main\AndroidManifest.xml:84:7-38
	android:configChanges
		ADDED from src\main\AndroidManifest.xml:83:7-68
	android:name
		ADDED from src\main\AndroidManifest.xml:85:7-64
activity#com.tama.chat.ui.activities.authorization.SignUpActivity
ADDED from src\main\AndroidManifest.xml:87:5-91:46
	android:screenOrientation
		ADDED from src\main\AndroidManifest.xml:91:7-43
	android:launchMode
		ADDED from src\main\AndroidManifest.xml:89:7-38
	android:configChanges
		ADDED from src\main\AndroidManifest.xml:88:7-68
	android:name
		ADDED from src\main\AndroidManifest.xml:90:7-65
activity#com.facebook.FacebookActivity
ADDED from src\main\AndroidManifest.xml:92:5-97:39
MERGED from [com.facebook.android:facebook-android-sdk:4.14.1] AndroidManifest.xml:29:9-32:75
MERGED from [com.firebaseui:firebase-ui-auth:2.3.0] AndroidManifest.xml:59:9-63:48
	android:label
		ADDED from src\main\AndroidManifest.xml:94:7-39
	tools:ignore
		ADDED from [com.firebaseui:firebase-ui-auth:2.3.0] AndroidManifest.xml:63:13-45
	android:configChanges
		ADDED from src\main\AndroidManifest.xml:93:7-90
	android:theme
		ADDED from src\main\AndroidManifest.xml:96:7-66
		REJECTED from [com.facebook.android:facebook-android-sdk:4.14.1] AndroidManifest.xml:32:13-72
	tools:replace
		ADDED from src\main\AndroidManifest.xml:97:7-36
	android:name
		ADDED from src\main\AndroidManifest.xml:95:7-51
activity#com.tama.chat.ui.activities.main.MainActivity
ADDED from src\main\AndroidManifest.xml:98:5-100:46
	android:screenOrientation
		ADDED from src\main\AndroidManifest.xml:100:7-43
	android:name
		ADDED from src\main\AndroidManifest.xml:99:7-54
activity#com.tama.chat.ui.activities.invitefriends.InviteFriendsActivity
ADDED from src\main\AndroidManifest.xml:101:5-104:46
	android:screenOrientation
		ADDED from src\main\AndroidManifest.xml:104:7-43
	android:configChanges
		ADDED from src\main\AndroidManifest.xml:102:7-68
	android:name
		ADDED from src\main\AndroidManifest.xml:103:7-72
activity#com.tama.chat.ui.activities.feedback.FeedbackActivity
ADDED from src\main\AndroidManifest.xml:105:5-108:46
	android:screenOrientation
		ADDED from src\main\AndroidManifest.xml:108:7-43
	android:configChanges
		ADDED from src\main\AndroidManifest.xml:106:7-68
	android:name
		ADDED from src\main\AndroidManifest.xml:107:7-62
activity#com.tama.chat.ui.activities.profile.UserProfileActivity
ADDED from src\main\AndroidManifest.xml:109:5-112:46
	android:screenOrientation
		ADDED from src\main\AndroidManifest.xml:112:7-43
	android:configChanges
		ADDED from src\main\AndroidManifest.xml:110:7-68
	android:name
		ADDED from src\main\AndroidManifest.xml:111:7-64
activity#com.tama.chat.ui.activities.call.CallActivity
ADDED from src\main\AndroidManifest.xml:113:5-117:46
	android:screenOrientation
		ADDED from src\main\AndroidManifest.xml:117:7-43
	android:launchMode
		ADDED from src\main\AndroidManifest.xml:115:7-37
	android:configChanges
		ADDED from src\main\AndroidManifest.xml:114:7-68
	android:name
		ADDED from src\main\AndroidManifest.xml:116:7-54
activity#com.tama.chat.ui.activities.chats.NewMessageActivity
ADDED from src\main\AndroidManifest.xml:118:5-120:46
	android:screenOrientation
		ADDED from src\main\AndroidManifest.xml:120:7-43
	android:name
		ADDED from src\main\AndroidManifest.xml:119:7-61
activity#com.tama.chat.ui.activities.chats.MapBlinkActivity
ADDED from src\main\AndroidManifest.xml:121:5-123:46
	android:screenOrientation
		ADDED from src\main\AndroidManifest.xml:123:7-43
	android:name
		ADDED from src\main\AndroidManifest.xml:122:7-59
activity#com.tama.chat.ui.activities.chats.NewGroupDialogActivity
ADDED from src\main\AndroidManifest.xml:124:5-127:46
	android:screenOrientation
		ADDED from src\main\AndroidManifest.xml:127:7-43
	android:noHistory
		ADDED from src\main\AndroidManifest.xml:126:7-31
	android:name
		ADDED from src\main\AndroidManifest.xml:125:7-65
activity#com.tama.chat.ui.activities.chats.CreateGroupDialogActivity
ADDED from src\main\AndroidManifest.xml:128:5-131:46
	android:screenOrientation
		ADDED from src\main\AndroidManifest.xml:131:7-43
	android:configChanges
		ADDED from src\main\AndroidManifest.xml:129:7-68
	android:name
		ADDED from src\main\AndroidManifest.xml:130:7-68
activity#com.tama.chat.ui.activities.chats.PrivateDialogActivity
ADDED from src\main\AndroidManifest.xml:132:5-136:46
	android:screenOrientation
		ADDED from src\main\AndroidManifest.xml:136:7-43
	android:launchMode
		ADDED from src\main\AndroidManifest.xml:134:7-37
	android:configChanges
		ADDED from src\main\AndroidManifest.xml:133:7-68
	android:name
		ADDED from src\main\AndroidManifest.xml:135:7-64
activity#com.tama.chat.ui.activities.chats.GroupDialogActivity
ADDED from src\main\AndroidManifest.xml:137:5-141:46
	android:screenOrientation
		ADDED from src\main\AndroidManifest.xml:141:7-43
	android:launchMode
		ADDED from src\main\AndroidManifest.xml:139:7-37
	android:configChanges
		ADDED from src\main\AndroidManifest.xml:138:7-68
	android:name
		ADDED from src\main\AndroidManifest.xml:140:7-62
activity#com.tama.chat.ui.activities.chats.GroupDialogDetailsActivity
ADDED from src\main\AndroidManifest.xml:142:5-145:46
	android:screenOrientation
		ADDED from src\main\AndroidManifest.xml:145:7-43
	android:configChanges
		ADDED from src\main\AndroidManifest.xml:143:7-68
	android:name
		ADDED from src\main\AndroidManifest.xml:144:7-69
activity#com.tama.chat.ui.activities.profile.MyProfileActivity
ADDED from src\main\AndroidManifest.xml:146:5-148:46
	android:screenOrientation
		ADDED from src\main\AndroidManifest.xml:148:7-43
	android:name
		ADDED from src\main\AndroidManifest.xml:147:7-62
activity#com.tama.chat.ui.activities.chats.AddFriendsToGroupActivity
ADDED from src\main\AndroidManifest.xml:149:5-152:46
	android:screenOrientation
		ADDED from src\main\AndroidManifest.xml:152:7-43
	android:configChanges
		ADDED from src\main\AndroidManifest.xml:150:7-68
	android:name
		ADDED from src\main\AndroidManifest.xml:151:7-68
activity#com.tama.chat.ui.activities.changepassword.ChangePasswordActivity
ADDED from src\main\AndroidManifest.xml:153:5-156:46
	android:screenOrientation
		ADDED from src\main\AndroidManifest.xml:156:7-43
	android:configChanges
		ADDED from src\main\AndroidManifest.xml:154:7-68
	android:name
		ADDED from src\main\AndroidManifest.xml:155:7-74
activity#com.tama.chat.ui.activities.forgotpassword.ForgotPasswordActivity
ADDED from src\main\AndroidManifest.xml:157:5-160:46
	android:screenOrientation
		ADDED from src\main\AndroidManifest.xml:160:7-43
	android:configChanges
		ADDED from src\main\AndroidManifest.xml:158:7-68
	android:name
		ADDED from src\main\AndroidManifest.xml:159:7-74
activity#com.tama.chat.ui.activities.agreements.UserAgreementActivity
ADDED from src\main\AndroidManifest.xml:161:5-164:46
	android:screenOrientation
		ADDED from src\main\AndroidManifest.xml:164:7-43
	android:configChanges
		ADDED from src\main\AndroidManifest.xml:162:7-68
	android:name
		ADDED from src\main\AndroidManifest.xml:163:7-69
activity#com.soundcloud.android.crop.CropImageActivity
ADDED from src\main\AndroidManifest.xml:165:5-78
	android:name
		ADDED from src\main\AndroidManifest.xml:165:15-75
activity#com.tama.chat.tamaAccount.TamaPayOnlineActivity
ADDED from src\main\AndroidManifest.xml:166:5-168:46
	android:screenOrientation
		ADDED from src\main\AndroidManifest.xml:168:7-43
	android:name
		ADDED from src\main\AndroidManifest.xml:167:7-56
activity#com.tama.chat.tamaAccount.TamaAboutUsActivity
ADDED from src\main\AndroidManifest.xml:169:5-171:46
	android:screenOrientation
		ADDED from src\main\AndroidManifest.xml:171:7-43
	android:name
		ADDED from src\main\AndroidManifest.xml:170:7-54
activity#com.tama.chat.ui.activities.others.PreviewImageActivity
ADDED from src\main\AndroidManifest.xml:172:5-174:46
	android:screenOrientation
		ADDED from src\main\AndroidManifest.xml:174:7-43
	android:name
		ADDED from src\main\AndroidManifest.xml:173:7-64
activity#com.quickblox.ui.kit.chatmessage.adapter.media.video.ui.VideoPlayerActivity
ADDED from src\main\AndroidManifest.xml:175:5-189:16
	android:launchMode
		ADDED from src\main\AndroidManifest.xml:177:7-37
	android:configChanges
		ADDED from src\main\AndroidManifest.xml:176:7-116
	android:theme
		ADDED from src\main\AndroidManifest.xml:179:7-46
	android:name
		ADDED from src\main\AndroidManifest.xml:178:7-97
intent-filter#android.intent.category.DEFAULT
ADDED from src\main\AndroidManifest.xml:180:7-188:23
category#android.intent.category.DEFAULT
ADDED from src\main\AndroidManifest.xml:181:9-68
	android:name
		ADDED from src\main\AndroidManifest.xml:181:19-65
data
ADDED from src\main\AndroidManifest.xml:183:9-39
	android:scheme
		ADDED from src\main\AndroidManifest.xml:183:15-36
meta-data#com.facebook.sdk.ApplicationId
ADDED from src\main\AndroidManifest.xml:191:5-194:39
MERGED from [com.firebaseui:firebase-ui-auth:2.3.0] AndroidManifest.xml:22:9-24:63
	android:value
		ADDED from src\main\AndroidManifest.xml:193:7-44
		REJECTED from [com.firebaseui:firebase-ui-auth:2.3.0] AndroidManifest.xml:24:13-60
	tools:replace
		ADDED from src\main\AndroidManifest.xml:194:7-36
	android:name
		ADDED from src\main\AndroidManifest.xml:192:7-52
meta-data#com.google.android.gms.version
ADDED from src\main\AndroidManifest.xml:195:5-197:63
MERGED from [com.firebaseui:firebase-ui-auth:2.3.0] AndroidManifest.xml:16:9-18:69
MERGED from [com.google.android.gms:play-services-basement:11.0.4] AndroidManifest.xml:20:9-121
	android:value
		ADDED from src\main\AndroidManifest.xml:197:7-60
	android:name
		ADDED from src\main\AndroidManifest.xml:196:7-52
meta-data#com.quickblox.messages.TYPE
ADDED from src\main\AndroidManifest.xml:198:5-200:29
	android:value
		ADDED from src\main\AndroidManifest.xml:200:7-26
	android:name
		ADDED from src\main\AndroidManifest.xml:199:7-49
meta-data#com.quickblox.messages.SENDER_ID
ADDED from src\main\AndroidManifest.xml:201:5-203:43
	android:value
		ADDED from src\main\AndroidManifest.xml:203:7-40
	android:name
		ADDED from src\main\AndroidManifest.xml:202:7-54
meta-data#com.quickblox.messages.QB_ENVIRONMENT
ADDED from src\main\AndroidManifest.xml:204:5-206:36
	android:value
		ADDED from src\main\AndroidManifest.xml:206:7-33
	android:name
		ADDED from src\main\AndroidManifest.xml:205:7-59
meta-data#com.google.android.geo.API_KEY
ADDED from src\main\AndroidManifest.xml:207:5-209:49
	android:value
		ADDED from src\main\AndroidManifest.xml:209:7-46
	android:name
		ADDED from src\main\AndroidManifest.xml:208:7-52
receiver#com.tama.chat.gcm.GcmBroadcastReceiver
ADDED from src\main\AndroidManifest.xml:211:5-220:16
	android:permission
		ADDED from src\main\AndroidManifest.xml:213:7-67
	android:name
		ADDED from src\main\AndroidManifest.xml:212:7-47
intent-filter#com.google.android.c2dm.intent.RECEIVE+com.google.android.c2dm.intent.REGISTRATION+com.quickblox.qmunicate
ADDED from src\main\AndroidManifest.xml:214:7-219:23
action#com.google.android.c2dm.intent.RECEIVE
ADDED from src\main\AndroidManifest.xml:215:9-73
	android:name
		ADDED from src\main\AndroidManifest.xml:215:17-70
action#com.google.android.c2dm.intent.REGISTRATION
ADDED from src\main\AndroidManifest.xml:216:9-78
	android:name
		ADDED from src\main\AndroidManifest.xml:216:17-75
category#com.quickblox.qmunicate
ADDED from src\main\AndroidManifest.xml:218:9-60
	android:name
		ADDED from src\main\AndroidManifest.xml:218:19-57
receiver#com.tama.chat.utils.broadcasts.NetworkChangeReceiver
ADDED from src\main\AndroidManifest.xml:221:5-227:16
	android:label
		ADDED from src\main\AndroidManifest.xml:222:7-44
	android:name
		ADDED from src\main\AndroidManifest.xml:223:7-61
intent-filter#android.net.conn.CONNECTIVITY_CHANGE
ADDED from src\main\AndroidManifest.xml:224:7-226:23
action#android.net.conn.CONNECTIVITY_CHANGE
ADDED from src\main\AndroidManifest.xml:225:9-71
	android:name
		ADDED from src\main\AndroidManifest.xml:225:17-68
receiver#com.tama.chat.utils.broadcasts.ChatMessageReceiver
ADDED from src\main\AndroidManifest.xml:228:5-234:16
	android:label
		ADDED from src\main\AndroidManifest.xml:229:7-42
	android:name
		ADDED from src\main\AndroidManifest.xml:230:7-59
intent-filter#q_municate.got_chat_message
ADDED from src\main\AndroidManifest.xml:231:7-233:23
action#q_municate.got_chat_message
ADDED from src\main\AndroidManifest.xml:232:9-62
	android:name
		ADDED from src\main\AndroidManifest.xml:232:17-59
service#com.tama.q_municate_core.network.NetworkGCMTaskService
ADDED from src\main\AndroidManifest.xml:236:5-243:15
	android:exported
		ADDED from src\main\AndroidManifest.xml:237:7-30
	android:permission
		ADDED from src\main\AndroidManifest.xml:239:7-87
	android:name
		ADDED from src\main\AndroidManifest.xml:238:7-76
intent-filter#com.google.android.gms.gcm.ACTION_TASK_READY
ADDED from src\main\AndroidManifest.xml:240:7-242:23
action#com.google.android.gms.gcm.ACTION_TASK_READY
ADDED from src\main\AndroidManifest.xml:241:9-79
	android:name
		ADDED from src\main\AndroidManifest.xml:241:17-76
service#com.tama.chat.gcm.GCMIntentService
ADDED from src\main\AndroidManifest.xml:244:5-53
	android:name
		ADDED from src\main\AndroidManifest.xml:244:14-50
service#com.tama.chat.service.MyFirebaseMessagingService
ADDED from src\main\AndroidManifest.xml:245:5-249:15
	android:name
		ADDED from src\main\AndroidManifest.xml:245:14-64
intent-filter#com.google.firebase.MESSAGING_EVENT
ADDED from src\main\AndroidManifest.xml:246:7-248:23
action#com.google.firebase.MESSAGING_EVENT
ADDED from src\main\AndroidManifest.xml:247:9-70
	android:name